<?xml version="1.0" encoding="utf-8"?><testsuites name="pytest tests"><testsuite name="pytest" errors="0" failures="0" skipped="0" tests="7" time="8.104" timestamp="2026-03-06T14:46:02.265199+00:00" hostname="agent-env-41a3ff4d-8e0d-462e-a667-c1d81b90205d"><testcase classname="backend.tests.test_betops_api" name="test_seeded_default_bookmakers_complete" time="1.867" /><testcase classname="backend.tests.test_betops_api" name="test_transactions_deposit_withdrawal_and_balance_persistence" time="2.006" /><testcase classname="backend.tests.test_betops_api" name="test_bet_registration_profit_loss_calculation" time="1.120" /><testcase classname="backend.tests.test_betops_api" name="test_arbitrage_calculator_returns_positive_profit" time="0.367" /><testcase classname="backend.tests.test_betops_api" name="test_freebet_calculator_snr_sr_modes" time="0.750" /><testcase classname="backend.tests.test_betops_api" name="test_dashboard_summary_and_recent_bets_shape" time="0.370" /><testcase classname="backend.tests.test_betops_api" name="test_reports_endpoints_basic_render_data" time="1.524" /></testsuite></testsuites>